# JRE version: OpenJDK Runtime Environment (8.0_76-b03) (build 1.8.0_76-release-b03)
# Java VM: OpenJDK 64-Bit Server VM (25.76-b03 mixed mode windows-amd64 compressed oops)
Heap:
 PSYoungGen      total 448000K, used 434264K [0x00000000e0000000, 0x0000000100000000, 0x0000000100000000)
  eden space 384000K, 100% used [0x00000000e0000000,0x00000000f7700000,0x00000000f7700000)
  from space 64000K, 78% used [0x00000000fc180000,0x00000000ff296010,0x0000000100000000)
  to   space 70144K, 78% used [0x00000000f7700000,0x00000000fac890d0,0x00000000fbb80000)
 ParOldGen       total 205824K, used 188568K [0x00000000a0000000, 0x00000000ac900000, 0x00000000e0000000)
  object space 205824K, 91% used [0x00000000a0000000,0x00000000ab826348,0x00000000ac900000)
 Metaspace       used 75932K, capacity 79694K, committed 79920K, reserved 1118208K
  class space    used 9634K, capacity 10428K, committed 10544K, reserved 1048576K
GC Heap History (10 events):
Event: 987.361 GC heap after
Heap after GC invocations=43 (full 8):
 PSYoungGen      total 450048K, used 33479K [0x00000000e0000000, 0x0000000100000000, 0x0000000100000000)
  eden space 415232K, 0% used [0x00000000e0000000,0x00000000e0000000,0x00000000f9580000)
  from space 34816K, 96% used [0x00000000f9580000,0x00000000fb631dd8,0x00000000fb780000)
  to   space 40448K, 0% used [0x00000000fd880000,0x00000000fd880000,0x0000000100000000)
 ParOldGen       total 152064K, used 78354K [0x00000000a0000000, 0x00000000a9480000, 0x00000000e0000000)
  object space 152064K, 51% used [0x00000000a0000000,0x00000000a4c84a78,0x00000000a9480000)
 Metaspace       used 75779K, capacity 79582K, committed 79920K, reserved 1118208K
  class space    used 9634K, capacity 10432K, committed 10544K, reserved 1048576K
}
Event: 988.143 GC heap before
{Heap before GC invocations=44 (full 8):
 PSYoungGen      total 450048K, used 448711K [0x00000000e0000000, 0x0000000100000000, 0x0000000100000000)
  eden space 415232K, 100% used [0x00000000e0000000,0x00000000f9580000,0x00000000f9580000)
  from space 34816K, 96% used [0x00000000f9580000,0x00000000fb631dd8,0x00000000fb780000)
  to   space 40448K, 0% used [0x00000000fd880000,0x00000000fd880000,0x0000000100000000)
 ParOldGen       total 152064K, used 78354K [0x00000000a0000000, 0x00000000a9480000, 0x00000000e0000000)
  object space 152064K, 51% used [0x00000000a0000000,0x00000000a4c84a78,0x00000000a9480000)
 Metaspace       used 75826K, capacity 79582K, committed 79920K, reserved 1118208K
  class space    used 9634K, capacity 10432K, committed 10544K, reserved 1048576K
Event: 988.249 GC heap after
Heap after GC invocations=44 (full 8):
 PSYoungGen      total 449024K, used 40425K [0x00000000e0000000, 0x0000000100000000, 0x0000000100000000)
  eden space 408576K, 0% used [0x00000000e0000000,0x00000000e0000000,0x00000000f8f00000)
  from space 40448K, 99% used [0x00000000fd880000,0x00000000ffffa700,0x0000000100000000)
  to   space 57856K, 0% used [0x00000000f8f00000,0x00000000f8f00000,0x00000000fc780000)
 ParOldGen       total 152064K, used 105884K [0x00000000a0000000, 0x00000000a9480000, 0x00000000e0000000)
  object space 152064K, 69% used [0x00000000a0000000,0x00000000a67671a0,0x00000000a9480000)
 Metaspace       used 75826K, capacity 79582K, committed 79920K, reserved 1118208K
  class space    used 9634K, capacity 10432K, committed 10544K, reserved 1048576K
}
Event: 989.306 GC heap before
{Heap before GC invocations=45 (full 8):
 PSYoungGen      total 449024K, used 449001K [0x00000000e0000000, 0x0000000100000000, 0x0000000100000000)
  eden space 408576K, 100% used [0x00000000e0000000,0x00000000f8f00000,0x00000000f8f00000)
  from space 40448K, 99% used [0x00000000fd880000,0x00000000ffffa700,0x0000000100000000)
  to   space 57856K, 0% used [0x00000000f8f00000,0x00000000f8f00000,0x00000000fc780000)
 ParOldGen       total 152064K, used 105884K [0x00000000a0000000, 0x00000000a9480000, 0x00000000e0000000)
  object space 152064K, 69% used [0x00000000a0000000,0x00000000a67671a0,0x00000000a9480000)
 Metaspace       used 75884K, capacity 79646K, committed 79920K, reserved 1118208K
  class space    used 9634K, capacity 10432K, committed 10544K, reserved 1048576K
Event: 989.397 GC heap after
Heap after GC invocations=45 (full 8):
 PSYoungGen      total 455168K, used 46132K [0x00000000e0000000, 0x0000000100000000, 0x0000000100000000)
  eden space 408576K, 0% used [0x00000000e0000000,0x00000000e0000000,0x00000000f8f00000)
  from space 46592K, 99% used [0x00000000f8f00000,0x00000000fbc0d250,0x00000000fbc80000)
  to   space 64000K, 0% used [0x00000000fc180000,0x00000000fc180000,0x0000000100000000)
 ParOldGen       total 152064K, used 134144K [0x00000000a0000000, 0x00000000a9480000, 0x00000000e0000000)
  object space 152064K, 88% used [0x00000000a0000000,0x00000000a8300150,0x00000000a9480000)
 Metaspace       used 75884K, capacity 79646K, committed 79920K, reserved 1118208K
  class space    used 9634K, capacity 10432K, committed 10544K, reserved 1048576K
}
Event: 989.397 GC heap before
{Heap before GC invocations=46 (full 9):
 PSYoungGen      total 455168K, used 46132K [0x00000000e0000000, 0x0000000100000000, 0x0000000100000000)
  eden space 408576K, 0% used [0x00000000e0000000,0x00000000e0000000,0x00000000f8f00000)
  from space 46592K, 99% used [0x00000000f8f00000,0x00000000fbc0d250,0x00000000fbc80000)
  to   space 64000K, 0% used [0x00000000fc180000,0x00000000fc180000,0x0000000100000000)
 ParOldGen       total 152064K, used 134144K [0x00000000a0000000, 0x00000000a9480000, 0x00000000e0000000)
  object space 152064K, 88% used [0x00000000a0000000,0x00000000a8300150,0x00000000a9480000)
 Metaspace       used 75884K, capacity 79646K, committed 79920K, reserved 1118208K
  class space    used 9634K, capacity 10432K, committed 10544K, reserved 1048576K
Event: 989.926 GC heap after
Heap after GC invocations=46 (full 9):
 PSYoungGen      total 455168K, used 0K [0x00000000e0000000, 0x0000000100000000, 0x0000000100000000)
  eden space 408576K, 0% used [0x00000000e0000000,0x00000000e0000000,0x00000000f8f00000)
  from space 46592K, 0% used [0x00000000f8f00000,0x00000000f8f00000,0x00000000fbc80000)
  to   space 64000K, 0% used [0x00000000fc180000,0x00000000fc180000,0x0000000100000000)
 ParOldGen       total 205824K, used 142304K [0x00000000a0000000, 0x00000000ac900000, 0x00000000e0000000)
  object space 205824K, 69% used [0x00000000a0000000,0x00000000a8af81b8,0x00000000ac900000)
 Metaspace       used 75877K, capacity 79630K, committed 79920K, reserved 1118208K
  class space    used 9632K, capacity 10428K, committed 10544K, reserved 1048576K
}
Event: 990.806 GC heap before
{Heap before GC invocations=47 (full 9):
 PSYoungGen      total 455168K, used 408576K [0x00000000e0000000, 0x0000000100000000, 0x0000000100000000)
  eden space 408576K, 100% used [0x00000000e0000000,0x00000000f8f00000,0x00000000f8f00000)
  from space 46592K, 0% used [0x00000000f8f00000,0x00000000f8f00000,0x00000000fbc80000)
  to   space 64000K, 0% used [0x00000000fc180000,0x00000000fc180000,0x0000000100000000)
 ParOldGen       total 205824K, used 142304K [0x00000000a0000000, 0x00000000ac900000, 0x00000000e0000000)
  object space 205824K, 69% used [0x00000000a0000000,0x00000000a8af81b8,0x00000000ac900000)
 Metaspace       used 75912K, capacity 79694K, committed 79920K, reserved 1118208K
  class space    used 9634K, capacity 10428K, committed 10544K, reserved 1048576K
Event: 990.878 GC heap after
Heap after GC invocations=47 (full 9):
 PSYoungGen      total 448000K, used 50264K [0x00000000e0000000, 0x0000000100000000, 0x0000000100000000)
  eden space 384000K, 0% used [0x00000000e0000000,0x00000000e0000000,0x00000000f7700000)
  from space 64000K, 78% used [0x00000000fc180000,0x00000000ff296010,0x0000000100000000)
  to   space 70144K, 0% used [0x00000000f7700000,0x00000000f7700000,0x00000000fbb80000)
 ParOldGen       total 205824K, used 142312K [0x00000000a0000000, 0x00000000ac900000, 0x00000000e0000000)
  object space 205824K, 69% used [0x00000000a0000000,0x00000000a8afa1b8,0x00000000ac900000)
 Metaspace       used 75912K, capacity 79694K, committed 79920K, reserved 1118208K
  class space    used 9634K, capacity 10428K, committed 10544K, reserved 1048576K
}
Event: 991.490 GC heap before
{Heap before GC invocations=48 (full 9):
 PSYoungGen      total 448000K, used 434264K [0x00000000e0000000, 0x0000000100000000, 0x0000000100000000)
  eden space 384000K, 100% used [0x00000000e0000000,0x00000000f7700000,0x00000000f7700000)
  from space 64000K, 78% used [0x00000000fc180000,0x00000000ff296010,0x0000000100000000)
  to   space 70144K, 0% used [0x00000000f7700000,0x00000000f7700000,0x00000000fbb80000)
 ParOldGen       total 205824K, used 142312K [0x00000000a0000000, 0x00000000ac900000, 0x00000000e0000000)
  object space 205824K, 69% used [0x00000000a0000000,0x00000000a8afa1b8,0x00000000ac900000)
 Metaspace       used 75932K, capacity 79694K, committed 79920K, reserved 1118208K
  class space    used 9634K, capacity 10428K, committed 10544K, reserved 1048576K

